2025-07-17 17:55:40,813 - INFO - Starting Firebase cleanup and population process
2025-07-17 17:55:40,842 - INFO - Firebase initialized successfully
2025-07-17 17:55:40,842 - INFO - Step 1: Cleaning existing collections
2025-07-17 17:55:40,842 - INFO - Cleaning collections: ['companies', 'company_insights', 'submissions']
2025-07-17 17:55:42,422 - INFO - Deleted 10 documents from companies
2025-07-17 17:55:42,542 - INFO - Deleted 0 documents from company_insights
2025-07-17 17:55:44,454 - INFO - Deleted 16 documents from submissions
2025-07-17 17:55:44,455 - INFO - Step 2: Downloading Kaggle dataset
2025-07-17 17:55:44,456 - INFO - Downloading Kaggle dataset...
2025-07-17 17:55:44,541 - ERROR - Error downloading dataset: Unsupported file extension: ''. Supported file extensions are: .csv, .tsv, .json, .jsonl, .xml, .parquet, .feather, .sqlite, .sqlite3, .db, .db3, .s3db, .dl3, .xls, .xlsx, .xlsm, .xlsb, .odf, .ods, .odt
2025-07-17 17:55:44,541 - ERROR - Process failed: Unsupported file extension: ''. Supported file extensions are: .csv, .tsv, .json, .jsonl, .xml, .parquet, .feather, .sqlite, .sqlite3, .db, .db3, .s3db, .dl3, .xls, .xlsx, .xlsm, .xlsb, .odf, .ods, .odt
2025-07-17 17:56:07,931 - INFO - Starting Firebase cleanup and population process
2025-07-17 17:56:07,960 - INFO - Firebase initialized successfully
2025-07-17 17:56:07,960 - INFO - Step 1: Cleaning existing collections
2025-07-17 17:56:07,961 - INFO - Cleaning collections: ['companies', 'company_insights', 'submissions']
2025-07-17 17:56:08,372 - INFO - Deleted 0 documents from companies
2025-07-17 17:56:08,482 - INFO - Deleted 0 documents from company_insights
2025-07-17 17:56:08,617 - INFO - Deleted 0 documents from submissions
2025-07-17 17:56:08,617 - INFO - Step 2: Downloading Kaggle dataset
2025-07-17 17:56:08,617 - INFO - Downloading Kaggle dataset...
2025-07-17 17:56:10,093 - ERROR - Error downloading dataset: load_dataset() missing 1 required positional argument: 'path'
2025-07-17 17:56:10,093 - INFO - Falling back to sample companies...
2025-07-17 17:56:10,093 - INFO - Creating sample companies dataset...
2025-07-17 17:56:10,093 - INFO - Created sample dataset with 113 companies
2025-07-17 17:56:10,095 - INFO - Step 3: Cleaning company data
2025-07-17 17:56:10,095 - INFO - Cleaning company data...
2025-07-17 17:56:10,098 - INFO - Cleaned dataset: 111 companies
2025-07-17 17:56:10,098 - INFO - Step 4: Populating Firebase
2025-07-17 17:56:10,098 - INFO - Populating Firebase with 111 companies...
2025-07-17 17:56:10,631 - INFO - Added batch 1: 111 companies
2025-07-17 17:56:10,632 - INFO - Successfully added 111 companies to Firebase
2025-07-17 17:56:10,632 - INFO - Step 5: Verifying population
2025-07-17 17:56:10,703 - INFO - Verification: Found 5 sample companies
2025-07-17 17:56:10,703 - INFO - All required fields present in sample
2025-07-17 17:56:10,703 - INFO - Sample company: Amgen (aliases: 1)
2025-07-17 17:56:10,703 - INFO - Firebase cleanup and population completed successfully!
